<?xml version="1.0" encoding="UTF-8"?>
<!-- Generated by org.testng.reporters.JUnitReportReporter -->
<testsuite hostname="疯人一样大笑" name="com.tz.online.dao.test.UserDaoImplTest" tests="1" failures="0" timestamp="17 Mar 2017 11:22:25 GMT" time="2.695" errors="0">
  <testcase name="testFindByName" time="2.695" classname="com.tz.online.dao.test.UserDaoImplTest"/>
</testsuite> <!-- com.tz.online.dao.test.UserDaoImplTest -->
