<?xml version="1.0" encoding="UTF-8"?>
<!-- Generated by org.testng.reporters.JUnitReportReporter -->
<testsuite hostname="MS-20161203TCWT" name="com.tz.online.service.test.UserServiceImplTest" tests="1" failures="0" timestamp="8 Mar 2017 12:27:09 GMT" time="2.551" errors="0">
  <testcase name="testGetAddressById" time="2.551" classname="com.tz.online.service.test.UserServiceImplTest"/>
</testsuite> <!-- com.tz.online.service.test.UserServiceImplTest -->
