<?xml version="1.0" encoding="UTF-8"?>
<!-- Generated by org.testng.reporters.JUnitReportReporter -->
<testsuite hostname="MS-20161203TCWT" name="com.tz.online.dao.test.BookDaoImplTest" tests="1" failures="0" timestamp="8 Mar 2017 01:38:49 GMT" time="3.027" errors="0">
  <testcase name="testFindById" time="3.027" classname="com.tz.online.dao.test.BookDaoImplTest"/>
</testsuite> <!-- com.tz.online.dao.test.BookDaoImplTest -->
