<?xml version="1.0" encoding="UTF-8"?>
<!-- Generated by org.testng.reporters.JUnitReportReporter -->
<testsuite hostname="疯人一样大笑" name="com.tz.online.dao.test.AddressDaoImplTest" tests="1" failures="0" timestamp="12 Mar 2017 12:26:37 GMT" time="3.149" errors="0">
  <testcase name="testSave" time="3.149" classname="com.tz.online.dao.test.AddressDaoImplTest"/>
</testsuite> <!-- com.tz.online.dao.test.AddressDaoImplTest -->
