<?xml version="1.0" encoding="UTF-8"?>
<!-- Generated by org.testng.reporters.JUnitReportReporter -->
<testsuite hostname="MS-20161203TCWT" name="com.tz.online.service.test.BookServiceImplTest" tests="1" failures="0" timestamp="7 Mar 2017 15:58:52 GMT" time="3.135" errors="0">
  <testcase name="testFindByCategory" time="3.135" classname="com.tz.online.service.test.BookServiceImplTest"/>
</testsuite> <!-- com.tz.online.service.test.BookServiceImplTest -->
