<?xml version="1.0" encoding="UTF-8"?>
<!-- Generated by org.testng.reporters.JUnitReportReporter -->
<testsuite hostname="疯人一样大笑" name="com.tz.online.service.test.BookServiceImplTest" tests="3" failures="0" timestamp="17 Mar 2017 11:18:08 GMT" time="0.026" errors="0">
  <testcase name="testFindById" time="0.003" classname="com.tz.online.service.test.BookServiceImplTest"/>
  <testcase name="testFindByCategory" time="0.009" classname="com.tz.online.service.test.BookServiceImplTest"/>
  <testcase name="testFindByPage" time="0.014" classname="com.tz.online.service.test.BookServiceImplTest"/>
</testsuite> <!-- com.tz.online.service.test.BookServiceImplTest -->
