<?xml version="1.0" encoding="UTF-8"?>
<!-- Generated by org.testng.reporters.JUnitReportReporter -->
<testsuite hostname="疯人一样大笑" name="com.tz.online.ddl.TestDDL" tests="1" failures="0" timestamp="17 Mar 2017 11:18:08 GMT" time="1.925" errors="0">
  <testcase name="testDDL" time="1.925" classname="com.tz.online.ddl.TestDDL"/>
</testsuite> <!-- com.tz.online.ddl.TestDDL -->
