<?xml version="1.0" encoding="UTF-8"?>
<!-- Generated by org.testng.reporters.JUnitReportReporter -->
<testsuite hostname="疯人一样大笑" name="com.tz.online.dao.test.BookDaoImplTest" tests="4" failures="0" timestamp="17 Mar 2017 11:18:08 GMT" time="1.042" errors="0">
  <testcase name="testFindById" time="0.015" classname="com.tz.online.dao.test.BookDaoImplTest"/>
  <testcase name="testGetRows" time="0.017" classname="com.tz.online.dao.test.BookDaoImplTest"/>
  <testcase name="testFindByCondition" time="1.000" classname="com.tz.online.dao.test.BookDaoImplTest"/>
  <testcase name="testFingByCategory" time="0.010" classname="com.tz.online.dao.test.BookDaoImplTest"/>
</testsuite> <!-- com.tz.online.dao.test.BookDaoImplTest -->
